ch_My room	02/03/2017	23:20:14		nick joins My room
ch_My room	02/03/2017	23:20:28	nick	noice
ch_My room	02/03/2017	23:20:47		mike joins My room
ch_My room	02/03/2017	23:21:02	mike	o hello nick
ch_My room	02/03/2017	23:21:14	mike	nick quit (timeout)
ch_My room	02/03/2017	23:22:26		Mikel joins My room
ch_My room	02/03/2017	23:22:44	Mikel	hello
ch_My room	02/03/2017	23:22:55	mike	just testing 
ch_My room	02/03/2017	23:23:46	mike	Mikel quit (timeout)
ch_My room	03/03/2017	10:42:16		mike joins My room
ch_My room	03/03/2017	10:42:53	mike	mike quit
ch_My room	03/03/2017	10:43:08		mike joins My room
ch_My room	03/03/2017	13:45:54		jbgw joins My room
ch_My room	06/03/2017	20:33:26		mike joins My room
ch_My room	06/03/2017	21:41:09		mike joins My room
ch_My room	07/03/2017	12:53:41		mike joins My room
ch_My room	07/03/2017	17:59:37		mike joins My room
ch_My room	07/03/2017	18:07:36		mike joins My room
ch_My room	07/03/2017	18:14:04		mike joins My room
ch_My room	08/03/2017	20:05:35		mike joins My room
ch_My room	08/03/2017	20:19:23		mike joins My room
ch_My room	08/03/2017	20:45:31		mike joins My room
ch_My room	08/03/2017	20:48:28		mike joins My room
ch_My room	08/03/2017	20:50:41		mike joins My room
ch_My room	08/03/2017	20:52:02		mike joins My room
ch_My room	08/03/2017	20:53:34		mike joins My room
ch_My room	08/03/2017	20:54:10		mike joins My room
ch_My room	08/03/2017	20:55:19		mike joins My room
ch_My room	08/03/2017	20:58:33		mike joins My room
ch_My room	08/03/2017	21:00:06		mike joins My room
ch_My room	08/03/2017	21:00:26		mike joins My room
ch_My room	08/03/2017	21:04:37		mike joins My room
ch_My room	08/03/2017	21:04:52		mike joins My room
ch_My room	08/03/2017	21:05:33		mike joins My room
ch_My room	08/03/2017	21:06:58		mike joins My room
ch_My room	08/03/2017	21:07:14		mike joins My room
ch_My room	08/03/2017	21:36:07		test1 joins My room
ch_My room	08/03/2017	21:36:21		Kid joins My room
ch_My room	08/03/2017	21:36:22	test1	**** 
ch_My room	08/03/2017	21:36:25	Kid	SHINT
ch_My room	08/03/2017	23:26:17	Kid	test1 quit (timeout)
ch_My room	09/03/2017	07:23:32		dave joins My room
ch_My room	09/03/2017	07:24:08		dave joins My room
ch_My room	09/03/2017	07:24:17	dave	dave quit
ch_My room	09/03/2017	11:43:09		Erdem joins My room
ch_My room	09/03/2017	12:36:47		mike joins My room
ch_My room	09/03/2017	12:37:03		mike joins My room
ch_My room	09/03/2017	12:37:44		mike joins My room
